<?xml version="1.0" encoding="UTF-8"?>
<!-- Generated by org.testng.reporters.JUnitXMLReporter -->
<testsuite ignored="0" hostname="Garry07" failures="0" tests="6" name="Default test" time="4.05" errors="0" timestamp="30 Jul. 2023 16:44:30 GMT">
  <testcase classname="com.apiautomation.LearningAPI.tests.CreateIssueMetaDataTest" name="testApiCall" time="0.861"/>
  <testcase classname="com.apiautomation.LearningAPI.tests.CreateIssueMetaDataTest" name="testCreateIssue" time="0.596"/>
  <testcase classname="com.apiautomation.LearningAPI.tests.CreateIssueMetaDataTest" name="extractIssueId" time="0.953"/>
  <testcase classname="com.apiautomation.LearningAPI.tests.CreateIssueMetaDataTest" name="testGetIssueId" time="0.346"/>
  <testcase classname="com.apiautomation.LearningAPI.tests.CreateIssueMetaDataTest" name="testEditIssue" time="0.438"/>
  <testcase classname="com.apiautomation.LearningAPI.tests.CreateIssueMetaDataTest" name="testDeleteIssue" time="0.591"/>
</testsuite> <!-- Default test -->
